<?xml version="1.0" encoding="UTF-8"?>
<!-- Generated by org.testng.reporters.JUnitReportReporter -->
<testsuite skipped="0" hostname="desktop" name="swaglabs.myrunner.LoginRunner" tests="1" failures="0" timestamp="09 Jun 2021 21:34:42 GMT" time="5.319" errors="0">
  <testcase name="feature" time="5.319" classname="swaglabs.myrunner.LoginRunner"/>
</testsuite> <!-- swaglabs.myrunner.LoginRunner -->
