<?xml version="1.0" encoding="UTF-8"?>
<!-- Generated by org.testng.reporters.JUnitReportReporter -->
<testsuite skipped="0" hostname="desktop" name="swaglabs.myrunner.LoginRunner" tests="1" failures="0" timestamp="20 May 2021 13:12:17 GMT" time="5.388" errors="0">
  <testcase name="feature" time="5.388" classname="swaglabs.myrunner.LoginRunner"/>
</testsuite> <!-- swaglabs.myrunner.LoginRunner -->
